INFO  2015-04-16 10:27:04,352 IndexerTool - Starting the wikipedia indexer.
INFO  2015-04-16 10:27:04,354 IndexerTool - Uploading wikipedia archive from /Volumes/JIRI-USB/afwiki-20150401.xml to HDFS
WARN  2015-04-16 10:27:04,845 NativeCodeLoader - Unable to load native-hadoop library for your platform... using builtin-java classes where applicable
INFO  2015-04-16 10:27:06,169 IndexerTool - Uploaded archive in 1 seconds
INFO  2015-04-16 10:27:06,169 IndexerTool - Running the indexer
INFO  2015-04-16 10:27:06,171 IndexerTool - Indexing wiki links
WARN  2015-04-16 10:27:06,371 JobSubmitter - No job jar file set.  User classes may not be found. See Job or Job#setJar(String).
INFO  2015-04-16 10:27:06,605 Job - The url to track the job: http://localhost:8080/
INFO  2015-04-16 10:27:06,606 Job - Running job: job_local867457363_0001
INFO  2015-04-16 10:27:07,609 Job - Job job_local867457363_0001 running in uber mode : false
INFO  2015-04-16 10:27:07,610 Job -  map 0% reduce 0%
INFO  2015-04-16 10:27:13,629 Job -  map 12% reduce 0%
INFO  2015-04-16 10:27:16,645 Job -  map 18% reduce 0%
INFO  2015-04-16 10:27:19,652 Job -  map 25% reduce 0%
INFO  2015-04-16 10:27:22,663 Job -  map 32% reduce 0%
INFO  2015-04-16 10:27:23,668 Job -  map 100% reduce 0%
INFO  2015-04-16 10:27:31,690 Job -  map 100% reduce 100%
INFO  2015-04-16 10:27:32,695 Job - Job job_local867457363_0001 completed successfully
INFO  2015-04-16 10:27:32,708 Job - Counters: 35
	File System Counters
		FILE: Number of bytes read=657316459
		FILE: Number of bytes written=106364085
		FILE: Number of read operations=0
		FILE: Number of large read operations=0
		FILE: Number of write operations=0
		HDFS: Number of bytes read=534539929
		HDFS: Number of bytes written=612889642
		HDFS: Number of read operations=28
		HDFS: Number of large read operations=0
		HDFS: Number of write operations=8
	Map-Reduce Framework
		Map input records=71191
		Map output records=898308
		Map output bytes=26622034
		Map output materialized bytes=28418662
		Input split bytes=262
		Combine input records=0
		Combine output records=0
		Reduce input groups=52903
		Reduce shuffle bytes=28418662
		Reduce input records=898308
		Reduce output records=52903
		Spilled Records=1796616
		Shuffled Maps =2
		Failed Shuffles=0
		Merged Map outputs=2
		GC time elapsed (ms)=201
		Total committed heap usage (bytes)=4121427968
	Shuffle Errors
		BAD_ID=0
		CONNECTION=0
		IO_ERROR=0
		WRONG_LENGTH=0
		WRONG_MAP=0
		WRONG_REDUCE=0
	File Input Format Counters 
		Bytes Read=200160456
	File Output Format Counters 
		Bytes Written=12412141
INFO  2015-04-16 10:27:32,708 IndexerTool - Indexing wiki pages
WARN  2015-04-16 10:27:32,731 JobSubmitter - No job jar file set.  User classes may not be found. See Job or Job#setJar(String).
INFO  2015-04-16 10:27:32,835 Job - The url to track the job: http://localhost:8080/
INFO  2015-04-16 10:27:32,835 Job - Running job: job_local658954915_0002
INFO  2015-04-16 10:27:33,837 Job - Job job_local658954915_0002 running in uber mode : false
INFO  2015-04-16 10:27:33,837 Job -  map 0% reduce 0%
INFO  2015-04-16 10:27:39,853 Job -  map 8% reduce 0%
INFO  2015-04-16 10:27:41,856 Job -  map 9% reduce 0%
INFO  2015-04-16 10:27:44,871 Job -  map 11% reduce 0%
INFO  2015-04-16 10:27:47,878 Job -  map 12% reduce 0%
INFO  2015-04-16 10:27:50,890 Job -  map 13% reduce 0%
INFO  2015-04-16 10:27:53,902 Job -  map 14% reduce 0%
INFO  2015-04-16 10:27:56,912 Job -  map 15% reduce 0%
INFO  2015-04-16 10:27:59,922 Job -  map 16% reduce 0%
INFO  2015-04-16 10:28:02,930 Job -  map 17% reduce 0%
INFO  2015-04-16 10:28:05,940 Job -  map 18% reduce 0%
INFO  2015-04-16 10:28:08,948 Job -  map 19% reduce 0%
INFO  2015-04-16 10:28:11,958 Job -  map 20% reduce 0%
INFO  2015-04-16 10:28:14,965 Job -  map 21% reduce 0%
INFO  2015-04-16 10:28:17,979 Job -  map 22% reduce 0%
INFO  2015-04-16 10:28:20,987 Job -  map 23% reduce 0%
INFO  2015-04-16 10:28:24,000 Job -  map 24% reduce 0%
INFO  2015-04-16 10:28:27,007 Job -  map 25% reduce 0%
INFO  2015-04-16 10:28:30,017 Job -  map 26% reduce 0%
INFO  2015-04-16 10:28:33,026 Job -  map 27% reduce 0%
INFO  2015-04-16 10:28:36,037 Job -  map 28% reduce 0%
INFO  2015-04-16 10:28:39,046 Job -  map 29% reduce 0%
INFO  2015-04-16 10:28:42,052 Job -  map 30% reduce 0%
INFO  2015-04-16 10:28:45,063 Job -  map 31% reduce 0%
INFO  2015-04-16 10:28:48,071 Job -  map 32% reduce 0%
INFO  2015-04-16 10:28:51,081 Job -  map 33% reduce 0%
INFO  2015-04-16 10:28:54,093 Job -  map 34% reduce 0%
INFO  2015-04-16 10:28:57,102 Job -  map 35% reduce 0%
INFO  2015-04-16 10:29:03,124 Job -  map 36% reduce 0%
INFO  2015-04-16 10:29:06,130 Job -  map 40% reduce 0%
INFO  2015-04-16 10:29:09,141 Job -  map 41% reduce 0%
INFO  2015-04-16 10:29:12,152 Job -  map 42% reduce 0%
INFO  2015-04-16 10:29:15,161 Job -  map 43% reduce 0%
INFO  2015-04-16 10:29:18,172 Job -  map 44% reduce 0%
INFO  2015-04-16 10:29:24,191 Job -  map 45% reduce 0%
INFO  2015-04-16 10:29:27,204 Job -  map 46% reduce 0%
INFO  2015-04-16 10:29:30,219 Job -  map 47% reduce 0%
INFO  2015-04-16 10:29:33,232 Job -  map 48% reduce 0%
INFO  2015-04-16 10:29:36,239 Job -  map 49% reduce 0%
INFO  2015-04-16 10:29:39,246 Job -  map 50% reduce 0%
INFO  2015-04-16 10:29:42,256 Job -  map 51% reduce 0%
INFO  2015-04-16 10:29:45,269 Job -  map 52% reduce 0%
INFO  2015-04-16 10:29:48,279 Job -  map 53% reduce 0%
INFO  2015-04-16 10:29:51,289 Job -  map 55% reduce 0%
INFO  2015-04-16 10:29:54,301 Job -  map 56% reduce 0%
INFO  2015-04-16 10:29:57,309 Job -  map 57% reduce 0%
INFO  2015-04-16 10:30:00,319 Job -  map 58% reduce 0%
INFO  2015-04-16 10:30:03,324 Job -  map 59% reduce 0%
INFO  2015-04-16 10:30:06,338 Job -  map 60% reduce 0%
INFO  2015-04-16 10:30:09,347 Job -  map 61% reduce 0%
INFO  2015-04-16 10:30:12,361 Job -  map 62% reduce 0%
INFO  2015-04-16 10:30:15,373 Job -  map 63% reduce 0%
INFO  2015-04-16 10:30:18,382 Job -  map 64% reduce 0%
INFO  2015-04-16 10:30:21,391 Job -  map 65% reduce 0%
INFO  2015-04-16 10:30:24,398 Job -  map 66% reduce 0%
INFO  2015-04-16 10:30:27,407 Job -  map 67% reduce 0%
INFO  2015-04-16 10:30:36,432 Job -  map 68% reduce 0%
INFO  2015-04-16 10:30:39,438 Job -  map 69% reduce 0%
INFO  2015-04-16 10:30:42,441 Job -  map 70% reduce 0%
INFO  2015-04-16 10:30:45,449 Job -  map 71% reduce 0%
INFO  2015-04-16 10:30:51,465 Job -  map 72% reduce 0%
INFO  2015-04-16 10:30:54,473 Job -  map 73% reduce 0%
INFO  2015-04-16 10:30:57,482 Job -  map 74% reduce 0%
INFO  2015-04-16 10:31:00,493 Job -  map 75% reduce 0%
INFO  2015-04-16 10:31:03,505 Job -  map 76% reduce 0%
INFO  2015-04-16 10:31:06,510 Job -  map 77% reduce 0%
INFO  2015-04-16 10:31:12,519 Job -  map 78% reduce 0%
INFO  2015-04-16 10:31:15,530 Job -  map 79% reduce 0%
INFO  2015-04-16 10:31:18,538 Job -  map 80% reduce 0%
INFO  2015-04-16 10:31:21,546 Job -  map 81% reduce 0%
INFO  2015-04-16 10:31:24,554 Job -  map 82% reduce 0%
INFO  2015-04-16 10:31:30,568 Job -  map 83% reduce 0%
INFO  2015-04-16 10:31:33,577 Job -  map 84% reduce 0%
INFO  2015-04-16 10:31:36,591 Job -  map 85% reduce 0%
INFO  2015-04-16 10:31:42,611 Job -  map 86% reduce 0%
INFO  2015-04-16 10:31:45,623 Job -  map 87% reduce 0%
INFO  2015-04-16 10:31:48,630 Job -  map 88% reduce 0%
INFO  2015-04-16 10:31:51,635 Job -  map 89% reduce 0%
INFO  2015-04-16 10:31:54,640 Job -  map 90% reduce 0%
INFO  2015-04-16 10:31:57,652 Job -  map 91% reduce 0%
INFO  2015-04-16 10:32:00,660 Job -  map 92% reduce 0%
INFO  2015-04-16 10:32:06,679 Job -  map 93% reduce 0%
INFO  2015-04-16 10:32:09,689 Job -  map 94% reduce 0%
INFO  2015-04-16 10:32:12,697 Job -  map 95% reduce 0%
INFO  2015-04-16 10:32:18,706 Job -  map 97% reduce 0%
INFO  2015-04-16 10:32:21,714 Job -  map 98% reduce 0%
INFO  2015-04-16 10:32:24,728 Job -  map 99% reduce 0%
INFO  2015-04-16 10:32:30,749 Job -  map 100% reduce 0%
INFO  2015-04-16 10:32:48,791 Job -  map 100% reduce 67%
INFO  2015-04-16 10:32:51,803 Job -  map 100% reduce 69%
INFO  2015-04-16 10:32:54,813 Job -  map 100% reduce 71%
INFO  2015-04-16 10:32:57,825 Job -  map 100% reduce 73%
INFO  2015-04-16 10:33:00,834 Job -  map 100% reduce 76%
INFO  2015-04-16 10:33:03,837 Job -  map 100% reduce 80%
INFO  2015-04-16 10:33:06,850 Job -  map 100% reduce 82%
INFO  2015-04-16 10:33:09,861 Job -  map 100% reduce 84%
INFO  2015-04-16 10:33:12,868 Job -  map 100% reduce 86%
INFO  2015-04-16 10:33:15,879 Job -  map 100% reduce 89%
INFO  2015-04-16 10:33:18,884 Job -  map 100% reduce 91%
INFO  2015-04-16 10:33:21,893 Job -  map 100% reduce 95%
INFO  2015-04-16 10:33:24,902 Job -  map 100% reduce 97%
INFO  2015-04-16 10:33:27,906 Job -  map 100% reduce 99%
INFO  2015-04-16 10:33:28,910 Job -  map 100% reduce 100%
INFO  2015-04-16 10:33:28,910 Job - Job job_local658954915_0002 completed successfully
INFO  2015-04-16 10:33:28,914 Job - Counters: 35
	File System Counters
		FILE: Number of bytes read=19856215914
		FILE: Number of bytes written=22783328514
		FILE: Number of read operations=0
		FILE: Number of large read operations=0
		FILE: Number of write operations=0
		HDFS: Number of bytes read=425145194
		HDFS: Number of bytes written=428797502
		HDFS: Number of read operations=49
		HDFS: Number of large read operations=0
		HDFS: Number of write operations=18
	Map-Reduce Framework
		Map input records=52903
		Map output records=120377925
		Map output bytes=3059790680
		Map output materialized bytes=3300643472
		Input split bytes=146
		Combine input records=0
		Combine output records=0
		Reduce input groups=196874
		Reduce shuffle bytes=3300643472
		Reduce input records=120377925
		Reduce output records=196874
		Spilled Records=474030927
		Shuffled Maps =1
		Failed Shuffles=0
		Merged Map outputs=1
		GC time elapsed (ms)=288
		Total committed heap usage (bytes)=1574961152
	Shuffle Errors
		BAD_ID=0
		CONNECTION=0
		IO_ERROR=0
		WRONG_LENGTH=0
		WRONG_MAP=0
		WRONG_REDUCE=0
	File Input Format Counters 
		Bytes Read=12412141
	File Output Format Counters 
		Bytes Written=3654886
INFO  2015-04-16 10:33:28,914 IndexerTool - Hadoop jobs finished in 382 seconds
INFO  2015-04-16 10:33:28,914 IndexerTool - Indexer jobs finished successfully
INFO  2015-04-16 10:33:28,914 IndexerTool - Downloading index files from HDFS to /Volumes/JIRI-USB/afwiki-index
INFO  2015-04-16 10:33:29,190 IndexerTool - Download of index files finished in 0 seconds
INFO  2015-04-16 10:33:29,190 IndexerTool - Cleanup required. Deleting input, pages and links files from HDFS.
INFO  2015-04-16 10:33:29,195 IndexerTool - Cleanup finished in 0 seconds
INFO  2015-04-16 10:33:29,195 IndexerTool - Wikipedia indexer finished.
